<?xml version="1.0" encoding="UTF-8"?>
<!-- Generated by org.testng.reporters.JUnitXMLReporter -->
<testsuite hostname="LAPTOP-KK246M4D" ignored="3" name="Smoke Test" tests="3" failures="0" timestamp="28 Dec 2021 13:48:33 GMT" time="31.591" errors="0">
  <testcase name="userShouldBeAbleToDragTheMapAndTakeScreenshot" time="2.416" classname="com.automationpractice.testsuite.OurStoresTest"/>
  <testcase name="updatedSearchResultsAfterChangingPriceRange" time="2.636" classname="com.automationpractice.testsuite.SummerDressesPriceRangeTest"/>
  <testcase name="userWillGetAnErrorMessageWhileCreatingAccountWithInvalidDetails" time="5.323" classname="com.automationpractice.testsuite.CreateAccountTest"/>
  <testcase name="userShouldBeAblToDeleteProductFromBasket" time="0.0" classname="com.automationpractice.testsuite.DeleteBasketTest">
    <ignored/>
  </testcase> <!-- userShouldBeAblToDeleteProductFromBasket -->
  <testcase name="userShouldBeAbleToSelectAndViewSummerDressesFromNavigationMenu" time="0.0" classname="com.automationpractice.testsuite.SummerDressesTest">
    <ignored/>
  </testcase> <!-- userShouldBeAbleToSelectAndViewSummerDressesFromNavigationMenu -->
  <testcase name="userShouldBeAbleToCreateAccountWithValidDetails" time="0.0" classname="com.automationpractice.testsuite.CreateAccountTest">
    <ignored/>
  </testcase> <!-- userShouldBeAbleToCreateAccountWithValidDetails -->
</testsuite> <!-- Smoke Test -->
